\BOOKMARK [1][-]{section.1}{\376\377\000P\000r\000e\000f\000a\000c\000e}{}% 1
\BOOKMARK [1][-]{section.2}{\376\377\000M\000o\000t\000i\000v\000a\000t\000i\000o\000n}{}% 2
\BOOKMARK [2][-]{subsection.2.1}{\376\377\000T\000y\000p\000e\000s\000\040\000o\000f\000\040\000j\000o\000i\000n\000t\000s}{section.2}% 3
\BOOKMARK [1][-]{section.3}{\376\377\000F\000o\000r\000w\000a\000r\000d\000\040\000k\000i\000n\000e\000m\000a\000t\000i\000c\000s}{}% 4
\BOOKMARK [2][-]{subsection.3.1}{\376\377\000W\000o\000r\000k\000s\000p\000a\000c\000e}{section.3}% 5
\BOOKMARK [3][-]{subsubsection.3.1.1}{\376\377\000C\000o\000n\000f\000i\000g\000u\000r\000a\000t\000i\000o\000n}{subsection.3.1}% 6
\BOOKMARK [3][-]{subsubsection.3.1.2}{\376\377\000D\000e\000g\000r\000e\000e\000s\000\040\000o\000f\000\040\000f\000r\000e\000e\000d\000o\000m}{subsection.3.1}% 7
\BOOKMARK [3][-]{subsubsection.3.1.3}{\376\377\000R\000i\000g\000h\000t\000-\000h\000a\000n\000d\000-\000r\000u\000l\000e}{subsection.3.1}% 8
\BOOKMARK [2][-]{subsection.3.2}{\376\377\000S\000p\000a\000t\000i\000a\000l\000\040\000d\000e\000s\000c\000r\000i\000p\000t\000i\000o\000n\000s}{section.3}% 9
\BOOKMARK [3][-]{subsubsection.3.2.1}{\376\377\000P\000o\000s\000i\000t\000i\000o\000n}{subsection.3.2}% 10
\BOOKMARK [3][-]{subsubsection.3.2.2}{\376\377\000O\000r\000i\000e\000n\000t\000a\000t\000i\000o\000n}{subsection.3.2}% 11
\BOOKMARK [3][-]{subsubsection.3.2.3}{\376\377\000E\000u\000l\000e\000r\000\040\000a\000n\000g\000l\000e\000s}{subsection.3.2}% 12
\BOOKMARK [3][-]{subsubsection.3.2.4}{\376\377\000U\000n\000i\000t\000\040\000q\000u\000a\000t\000e\000r\000n\000i\000o\000n\000s\000\040\000\050\000E\000u\000l\000e\000r\000\040\000p\000a\000r\000a\000m\000e\000t\000e\000r\000s\000\051}{subsection.3.2}% 13
\BOOKMARK [2][-]{subsection.3.3}{\376\377\000S\000p\000a\000t\000i\000a\000l\000\040\000t\000r\000a\000n\000s\000f\000o\000r\000m\000a\000t\000i\000o\000n\000s}{section.3}% 14
\BOOKMARK [2][-]{subsection.3.4}{\376\377\000F\000o\000r\000w\000a\000r\000d\000\040\000k\000i\000n\000e\000m\000a\000t\000i\000c\000s}{section.3}% 15
\BOOKMARK [3][-]{subsubsection.3.4.1}{\376\377\000D\000e\000n\000a\000v\000i\000t\000-\000H\000a\000r\000t\000e\000n\000b\000e\000r\000g\000\040\000C\000o\000n\000v\000e\000n\000t\000i\000o\000n}{subsection.3.4}% 16
\BOOKMARK [1][-]{section.4}{\376\377\000I\000n\000v\000e\000r\000s\000e\000\040\000K\000i\000n\000e\000m\000a\000t\000i\000c\000s}{}% 17
\BOOKMARK [2][-]{subsection.4.1}{\376\377\000M\000u\000l\000t\000i\000p\000l\000i\000c\000i\000t\000y\000\040\000o\000f\000\040\000S\000o\000l\000u\000t\000i\000o\000n\000s}{section.4}% 18
\BOOKMARK [3][-]{subsubsection.4.1.1}{\376\377\000R\000e\000d\000u\000n\000d\000a\000n\000c\000y}{subsection.4.1}% 19
\BOOKMARK [2][-]{subsection.4.2}{\376\377\000A\000n\000a\000l\000y\000t\000i\000c\000\040\000s\000o\000l\000u\000t\000i\000o\000n\000s\000\040\000f\000o\000r\000\040\000t\000h\000e\000\040\000i\000n\000v\000e\000r\000s\000e\000\040\000k\000i\000n\000e\000m\000a\000t\000i\000c\000s}{section.4}% 20
\BOOKMARK [3][-]{subsubsection.4.2.1}{\376\377\000G\000e\000o\000m\000e\000t\000r\000i\000c\000\040\000s\000o\000l\000u\000t\000i\000o\000n}{subsection.4.2}% 21
\BOOKMARK [3][-]{subsubsection.4.2.2}{\376\377\000A\000l\000g\000e\000b\000r\000a\000i\000c\000\040\000s\000o\000l\000u\000t\000i\000o\000n}{subsection.4.2}% 22
\BOOKMARK [3][-]{subsubsection.4.2.3}{\376\377\000E\000x\000a\000m\000p\000l\000e}{subsection.4.2}% 23
\BOOKMARK [2][-]{subsection.4.3}{\376\377\000N\000u\000m\000e\000r\000i\000c\000\040\000s\000o\000l\000u\000t\000i\000o\000n\000s\000\040\000t\000o\000\040\000t\000h\000e\000\040\000i\000n\000v\000e\000r\000s\000e\000\040\000k\000i\000n\000e\000m\000a\000t\000i\000c\000s}{section.4}% 24
\BOOKMARK [3][-]{subsubsection.4.3.1}{\376\377\000N\000e\000w\000t\000o\000n\000'\000s\000\040\000M\000e\000t\000h\000o\000d}{subsection.4.3}% 25
\BOOKMARK [3][-]{subsubsection.4.3.2}{\376\377\000G\000r\000a\000d\000i\000e\000n\000t\000\040\000D\000e\000s\000c\000e\000n\000t\000\040\000M\000e\000t\000h\000o\000d}{subsection.4.3}% 26
\BOOKMARK [2][-]{subsection.4.4}{\376\377\000N\000u\000m\000e\000r\000i\000c\000\040\000c\000o\000m\000p\000u\000t\000a\000t\000i\000o\000n\000\040\000o\000f\000\040\000t\000h\000e\000\040\000J\000a\000c\000o\000b\000i\000a\000n}{section.4}% 27
\BOOKMARK [1][-]{section.5}{\376\377\000J\000a\000c\000o\000b\000i\000\040\000M\000a\000t\000r\000i\000x\000\040\000\050\000`\000`\000J\000a\000c\000o\000b\000i\000a\000n\000'\000'\000\051}{}% 28
\BOOKMARK [2][-]{subsection.5.1}{\376\377\000A\000p\000p\000l\000i\000c\000a\000t\000i\000o\000n\000s\000\040\000i\000n\000\040\000M\000a\000t\000h\000e\000m\000a\000t\000i\000c\000s}{section.5}% 29
\BOOKMARK [3][-]{subsubsection.5.1.1}{\376\377\000T\000a\000y\000l\000o\000r\000'\000s\000\040\000t\000h\000e\000o\000r\000e\000m}{subsection.5.1}% 30
\BOOKMARK [3][-]{subsubsection.5.1.2}{\376\377\000M\000u\000l\000t\000i\000-\000d\000i\000m\000e\000n\000s\000i\000o\000n\000a\000l\000\040\000c\000h\000a\000i\000n\000\040\000r\000u\000l\000e}{subsection.5.1}% 31
\BOOKMARK [2][-]{subsection.5.2}{\376\377\000J\000a\000c\000o\000b\000i\000a\000n\000\040\000a\000s\000\040\000t\000h\000e\000\040\000D\000e\000r\000i\000v\000a\000t\000i\000v\000e\000\040\000o\000f\000\040\000t\000h\000e\000\040\000P\000o\000s\000i\000t\000i\000o\000n\000\040\000R\000e\000p\000r\000e\000s\000e\000n\000t\000a\000t\000i\000o\000n\000\040\000\050\000D\000i\000f\000f\000e\000r\000e\000n\000t\000i\000a\000l\000\040\000m\000o\000t\000i\000o\000n\000\051}{section.5}% 32
\BOOKMARK [3][-]{subsubsection.5.2.1}{\376\377\000C\000r\000a\000i\000g\000'\000s\000\040\000d\000e\000r\000i\000v\000a\000t\000i\000o\000n\000\040\000o\000f\000\040\000r\000o\000t\000a\000t\000i\000o\000n\000a\000l\000\040\000v\000e\000l\000o\000c\000i\000t\000i\000e\000s}{subsection.5.2}% 33
\BOOKMARK [2][-]{subsection.5.3}{\376\377\000J\000a\000c\000o\000b\000i\000a\000n\000s\000\040\000a\000n\000d\000\040\000V\000e\000l\000o\000c\000i\000t\000i\000e\000s}{section.5}% 34
\BOOKMARK [2][-]{subsection.5.4}{\376\377\000V\000e\000l\000o\000c\000i\000t\000i\000e\000s}{section.5}% 35
\BOOKMARK [2][-]{subsection.5.5}{\376\377\000E\000x\000p\000l\000i\000c\000i\000t\000\040\000F\000o\000r\000m}{section.5}% 36
\BOOKMARK [2][-]{subsection.5.6}{\376\377\000K\000i\000n\000e\000m\000a\000t\000i\000c\000\040\000S\000i\000n\000g\000u\000l\000a\000r\000i\000t\000y}{section.5}% 37
\BOOKMARK [2][-]{subsection.5.7}{\376\377\000J\000a\000c\000o\000b\000i\000a\000n\000\040\000f\000o\000r\000\040\000A\000p\000p\000r\000o\000x\000i\000m\000a\000t\000i\000n\000g\000\040\000v\000e\000r\000y\000\040\000s\000m\000a\000l\000l\000\040\000\050\000`\000`\000i\000n\000f\000i\000n\000i\000t\000e\000s\000i\000m\000a\000l\000'\000'\000\051\000\040\000M\000o\000v\000e\000m\000e\000n\000t\000s}{section.5}% 38
\BOOKMARK [2][-]{subsection.5.8}{\376\377\000F\000r\000a\000m\000e\000\040\000o\000f\000\040\000r\000e\000f\000e\000r\000e\000n\000c\000e\000\040\000o\000f\000\040\000a\000\040\000J\000a\000c\000o\000b\000i\000a\000n}{section.5}% 39
\BOOKMARK [2][-]{subsection.5.9}{\376\377\000F\000o\000r\000c\000e\000s\000\040\000a\000n\000d\000\040\000T\000o\000r\000q\000u\000e\000s\000\040\000i\000n\000\040\000S\000t\000a\000t\000i\000c\000\040\000M\000a\000n\000i\000p\000u\000l\000a\000t\000o\000r\000s}{section.5}% 40
\BOOKMARK [1][-]{section.6}{\376\377\000R\000o\000b\000o\000t\000\040\000D\000y\000n\000a\000m\000i\000c\000s}{}% 41
\BOOKMARK [2][-]{subsection.6.1}{\376\377\000R\000i\000g\000i\000d\000\040\000B\000o\000d\000y\000\040\000D\000y\000n\000a\000m\000i\000c\000s}{section.6}% 42
\BOOKMARK [2][-]{subsection.6.2}{\376\377\000N\000e\000w\000t\000o\000n\000-\000E\000u\000l\000e\000r\000\040\000M\000e\000t\000h\000o\000d}{section.6}% 43
\BOOKMARK [3][-]{subsubsection.6.2.1}{\376\377\000N\000e\000w\000t\000o\000n\000'\000s\000\040\000e\000q\000u\000a\000t\000i\000o\000n}{subsection.6.2}% 44
\BOOKMARK [3][-]{subsubsection.6.2.2}{\376\377\000E\000u\000l\000e\000r\000'\000s\000\040\000e\000q\000u\000a\000t\000i\000o\000n}{subsection.6.2}% 45
\BOOKMARK [3][-]{subsubsection.6.2.3}{\376\377\000L\000i\000n\000e\000a\000r\000\040\000a\000c\000c\000e\000l\000e\000r\000a\000t\000i\000o\000n}{subsection.6.2}% 46
\BOOKMARK [3][-]{subsubsection.6.2.4}{\376\377\000A\000n\000g\000u\000l\000a\000r\000\040\000a\000c\000c\000e\000l\000e\000r\000a\000t\000i\000o\000n}{subsection.6.2}% 47
\BOOKMARK [3][-]{subsubsection.6.2.5}{\376\377\000N\000e\000w\000t\000o\000n\000-\000E\000u\000l\000e\000r\000\040\000A\000l\000g\000o\000r\000i\000t\000h\000m}{subsection.6.2}% 48
\BOOKMARK [2][-]{subsection.6.3}{\376\377\000S\000t\000a\000t\000e\000-\000S\000p\000a\000c\000e\000\040\000e\000q\000u\000a\000t\000i\000o\000n\000\040\000\050\000M\000-\000V\000-\000G\000-\000f\000o\000r\000m\000\051}{section.6}% 49
\BOOKMARK [2][-]{subsection.6.4}{\376\377\000M\000a\000s\000s\000\040\000d\000i\000s\000t\000r\000i\000b\000u\000t\000i\000o\000n}{section.6}% 50
\BOOKMARK [3][-]{subsubsection.6.4.1}{\376\377\000L\000i\000n\000e\000a\000r\000\040\000M\000o\000m\000e\000n\000t\000u\000m}{subsection.6.4}% 51
\BOOKMARK [3][-]{subsubsection.6.4.2}{\376\377\000A\000n\000g\000u\000l\000a\000r\000\040\000M\000o\000m\000e\000n\000t\000u\000m}{subsection.6.4}% 52
\BOOKMARK [3][-]{subsubsection.6.4.3}{\376\377\000I\000n\000e\000r\000t\000i\000a\000\040\000T\000e\000n\000s\000o\000r}{subsection.6.4}% 53
\BOOKMARK [3][-]{subsubsection.6.4.4}{\376\377\000P\000a\000r\000a\000l\000l\000e\000l\000-\000A\000x\000i\000s\000\040\000T\000h\000e\000o\000r\000e\000m}{subsection.6.4}% 54
\BOOKMARK [2][-]{subsection.6.5}{\376\377\000E\000u\000l\000e\000r\000-\000L\000a\000g\000r\000a\000n\000g\000e\000\040\000E\000q\000u\000a\000t\000i\000o\000n\000s}{section.6}% 55
\BOOKMARK [1][-]{section.7}{\376\377\000C\000o\000n\000t\000r\000o\000l}{}% 56
\BOOKMARK [2][-]{subsection.7.1}{\376\377\000M\000a\000s\000s\000-\000S\000p\000r\000i\000n\000g\000-\000S\000y\000s\000t\000e\000m\000s}{section.7}% 57
\BOOKMARK [3][-]{subsubsection.7.1.1}{\376\377\000S\000o\000l\000u\000t\000i\000o\000n\000\040\000o\000f\000\040\000t\000h\000e\000\040\000D\000y\000n\000a\000m\000i\000c\000\040\000E\000q\000u\000a\000t\000i\000o\000n\000\040\000\050\000P\000o\000s\000i\000t\000i\000o\000n\000\040\000C\000o\000n\000t\000r\000o\000l\000\051}{subsection.7.1}% 58
\BOOKMARK [3][-]{subsubsection.7.1.2}{\376\377\000R\000e\000s\000o\000n\000a\000n\000c\000e}{subsection.7.1}% 59
\BOOKMARK [3][-]{subsubsection.7.1.3}{\376\377\000C\000o\000n\000t\000r\000o\000l\000\040\000P\000a\000r\000t\000i\000t\000i\000o\000n\000i\000n\000g}{subsection.7.1}% 60
\BOOKMARK [3][-]{subsubsection.7.1.4}{\376\377\000T\000r\000a\000j\000e\000c\000t\000o\000r\000y\000\040\000f\000o\000l\000l\000o\000w\000i\000n\000g\000/\000\040\000M\000o\000t\000i\000o\000n\000\040\000C\000o\000n\000t\000r\000o\000l}{subsection.7.1}% 61
\BOOKMARK [3][-]{subsubsection.7.1.5}{\376\377\000M\000u\000l\000t\000i\000-\000d\000i\000m\000e\000n\000s\000i\000o\000n\000a\000l\000\040\000s\000y\000s\000t\000e\000m\000s}{subsection.7.1}% 62
\BOOKMARK [2][-]{subsection.7.2}{\376\377\000M\000a\000n\000i\000p\000u\000l\000a\000t\000o\000r\000\040\000C\000o\000n\000t\000r\000o\000l}{section.7}% 63
\BOOKMARK [1][-]{section.8}{\376\377\000F\000o\000r\000m\000u\000l\000a\000\040\000C\000h\000e\000a\000t\000\040\000S\000h\000e\000e\000t}{}% 64
\BOOKMARK [2][-]{subsection.8.1}{\376\377\000D\000e\000n\000a\000v\000i\000t\000-\000H\000a\000r\000t\000e\000n\000b\000e\000r\000g\000\040\000P\000a\000r\000a\000m\000e\000t\000e\000r\000s}{section.8}% 65
\BOOKMARK [2][-]{subsection.8.2}{\376\377\000J\000a\000c\000o\000b\000i\000a\000n}{section.8}% 66
\BOOKMARK [3][-]{subsubsection.8.2.1}{\376\377\000V\000e\000l\000o\000c\000i\000t\000y\000\040\000P\000r\000o\000p\000a\000g\000a\000t\000i\000o\000n}{subsection.8.2}% 67
\BOOKMARK [3][-]{subsubsection.8.2.2}{\376\377\000F\000o\000r\000c\000e\000/\000\040\000T\000o\000r\000q\000u\000e\000\040\000P\000r\000o\000p\000a\000g\000a\000t\000i\000o\000n}{subsection.8.2}% 68
\BOOKMARK [3][-]{subsubsection.8.2.3}{\376\377\000E\000x\000p\000l\000i\000c\000i\000t\000\040\000F\000o\000r\000m}{subsection.8.2}% 69
\BOOKMARK [2][-]{subsection.8.3}{\376\377\000N\000e\000w\000t\000o\000n\000-\000E\000u\000l\000e\000r\000\040\000M\000e\000t\000h\000o\000d}{section.8}% 70
\BOOKMARK [3][-]{subsubsection.8.3.1}{\376\377\000P\000a\000r\000a\000l\000l\000e\000l\000-\000A\000x\000e\000s\000\040\000T\000h\000e\000o\000r\000e\000m}{subsection.8.3}% 71
\BOOKMARK [2][-]{subsection.8.4}{\376\377\000L\000a\000g\000r\000a\000n\000g\000e\000\040\000M\000e\000t\000h\000o\000d}{section.8}% 72
\BOOKMARK [3][-]{subsubsection.8.4.1}{\376\377\000M\000-\000V\000-\000G\000-\000f\000o\000r\000m\000\040\000\050\000S\000t\000a\000t\000e\000-\000S\000p\000a\000c\000e\000-\000f\000o\000r\000m\000\051}{subsection.8.4}% 73
\BOOKMARK [2][-]{subsection.8.5}{\376\377\000C\000o\000n\000t\000r\000o\000l}{section.8}% 74
\BOOKMARK [3][-]{subsubsection.8.5.1}{\376\377\000M\000a\000s\000s\000-\000S\000p\000r\000i\000n\000g\000-\000S\000y\000s\000t\000e\000m}{subsection.8.5}% 75
\BOOKMARK [3][-]{subsubsection.8.5.2}{\376\377\000P\000D\000\040\000C\000o\000n\000t\000r\000o\000l}{subsection.8.5}% 76
\BOOKMARK [3][-]{subsubsection.8.5.3}{\376\377\000C\000o\000n\000t\000r\000o\000l\000l\000e\000r\000\040\000B\000l\000o\000c\000k\000\040\000D\000i\000a\000g\000r\000a\000m}{subsection.8.5}% 77
