This is XeTeX, Version 3.141592653-2.6-0.999993 (TeX Live 2021) (preloaded format=xelatex 2021.11.8)  28 APR 2022 10:44
entering extended mode
 restricted \write18 enabled.
 file:line:error style messages enabled.
 %&-line parsing enabled.
**robotics_summary.tex
(./robotics_summary.tex
LaTeX2e <2020-10-01> patch level 4
L3 programming layer <2021-02-18> (/usr/local/texlive/2021/texmf-dist/tex/latex/base/article.cls
Document Class: article 2020/04/10 v1.4m Standard LaTeX document class
(/usr/local/texlive/2021/texmf-dist/tex/latex/base/size11.clo
File: size11.clo 2020/04/10 v1.4m Standard LaTeX file (size option)
)
\c@part=\count175
\c@section=\count176
\c@subsection=\count177
\c@subsubsection=\count178
\c@paragraph=\count179
\c@subparagraph=\count180
\c@figure=\count181
\c@table=\count182
\abovecaptionskip=\skip47
\belowcaptionskip=\skip48
\bibindent=\dimen138
) (/usr/local/texlive/2021/texmf-dist/tex/latex/geometry/geometry.sty
Package: geometry 2020/01/02 v5.9 Page Geometry
 (/usr/local/texlive/2021/texmf-dist/tex/latex/graphics/keyval.sty
Package: keyval 2014/10/28 v1.15 key=value parser (DPC)
\KV@toks@=\toks15
) (/usr/local/texlive/2021/texmf-dist/tex/generic/iftex/ifvtex.sty
Package: ifvtex 2019/10/25 v1.7 ifvtex legacy package. Use iftex instead.
 (/usr/local/texlive/2021/texmf-dist/tex/generic/iftex/iftex.sty
Package: iftex 2020/03/06 v1.0d TeX engine tests
))
\Gm@cnth=\count183
\Gm@cntv=\count184
\c@Gm@tempcnt=\count185
\Gm@bindingoffset=\dimen139
\Gm@wd@mp=\dimen140
\Gm@odd@mp=\dimen141
\Gm@even@mp=\dimen142
\Gm@layoutwidth=\dimen143
\Gm@layoutheight=\dimen144
\Gm@layouthoffset=\dimen145
\Gm@layoutvoffset=\dimen146
\Gm@dimlist=\toks16
) (/usr/local/texlive/2021/texmf-dist/tex/latex/amsmath/amsmath.sty
Package: amsmath 2020/09/23 v2.17i AMS math features
\@mathmargin=\skip49

For additional information on amsmath, use the `?' option.
(/usr/local/texlive/2021/texmf-dist/tex/latex/amsmath/amstext.sty
Package: amstext 2000/06/29 v2.01 AMS text
 (/usr/local/texlive/2021/texmf-dist/tex/latex/amsmath/amsgen.sty
File: amsgen.sty 1999/11/30 v2.0 generic functions
\@emptytoks=\toks17
\ex@=\dimen147
)) (/usr/local/texlive/2021/texmf-dist/tex/latex/amsmath/amsbsy.sty
Package: amsbsy 1999/11/29 v1.2d Bold Symbols
\pmbraise@=\dimen148
) (/usr/local/texlive/2021/texmf-dist/tex/latex/amsmath/amsopn.sty
Package: amsopn 2016/03/08 v2.02 operator names
)
\inf@bad=\count186
LaTeX Info: Redefining \frac on input line 234.
\uproot@=\count187
\leftroot@=\count188
LaTeX Info: Redefining \overline on input line 399.
\classnum@=\count189
\DOTSCASE@=\count190
LaTeX Info: Redefining \ldots on input line 496.
LaTeX Info: Redefining \dots on input line 499.
LaTeX Info: Redefining \cdots on input line 620.
\Mathstrutbox@=\box47
\strutbox@=\box48
\big@size=\dimen149
LaTeX Font Info:    Redeclaring font encoding OML on input line 743.
LaTeX Font Info:    Redeclaring font encoding OMS on input line 744.
\macc@depth=\count191
\c@MaxMatrixCols=\count192
\dotsspace@=\muskip16
\c@parentequation=\count193
\dspbrk@lvl=\count194
\tag@help=\toks18
\row@=\count195
\column@=\count196
\maxfields@=\count197
\andhelp@=\toks19
\eqnshift@=\dimen150
\alignsep@=\dimen151
\tagshift@=\dimen152
\tagwidth@=\dimen153
\totwidth@=\dimen154
\lineht@=\dimen155
\@envbody=\toks20
\multlinegap=\skip50
\multlinetaggap=\skip51
\mathdisplay@stack=\toks21
LaTeX Info: Redefining \[ on input line 2923.
LaTeX Info: Redefining \] on input line 2924.
) (/usr/local/texlive/2021/texmf-dist/tex/latex/tools/array.sty
Package: array 2020/10/01 v2.5c Tabular extension package (FMi)
\col@sep=\dimen156
\ar@mcellbox=\box49
\extrarowheight=\dimen157
\NC@list=\toks22
\extratabsurround=\skip52
\backup@length=\skip53
\ar@cellbox=\box50
) (/usr/local/texlive/2021/texmf-dist/tex/latex/hyperref/hyperref.sty
Package: hyperref 2021-02-27 v7.00k Hypertext links for LaTeX
 (/usr/local/texlive/2021/texmf-dist/tex/generic/ltxcmds/ltxcmds.sty
Package: ltxcmds 2020-05-10 v1.25 LaTeX kernel commands for general use (HO)
) (/usr/local/texlive/2021/texmf-dist/tex/generic/pdftexcmds/pdftexcmds.sty
Package: pdftexcmds 2020-06-27 v0.33 Utility functions of pdfTeX for LuaTeX (HO)
 (/usr/local/texlive/2021/texmf-dist/tex/generic/infwarerr/infwarerr.sty
Package: infwarerr 2019/12/03 v1.5 Providing info/warning/error messages (HO)
)
Package pdftexcmds Info: \pdf@primitive is available.
Package pdftexcmds Info: \pdf@ifprimitive is available.
Package pdftexcmds Info: \pdfdraftmode not found.
) (/usr/local/texlive/2021/texmf-dist/tex/generic/kvsetkeys/kvsetkeys.sty
Package: kvsetkeys 2019/12/15 v1.18 Key value parser (HO)
) (/usr/local/texlive/2021/texmf-dist/tex/generic/kvdefinekeys/kvdefinekeys.sty
Package: kvdefinekeys 2019-12-19 v1.6 Define keys (HO)
) (/usr/local/texlive/2021/texmf-dist/tex/generic/pdfescape/pdfescape.sty
Package: pdfescape 2019/12/09 v1.15 Implements pdfTeX's escape features (HO)
) (/usr/local/texlive/2021/texmf-dist/tex/latex/hycolor/hycolor.sty
Package: hycolor 2020-01-27 v1.10 Color options for hyperref/bookmark (HO)
) (/usr/local/texlive/2021/texmf-dist/tex/latex/letltxmacro/letltxmacro.sty
Package: letltxmacro 2019/12/03 v1.6 Let assignment for LaTeX macros (HO)
) (/usr/local/texlive/2021/texmf-dist/tex/latex/auxhook/auxhook.sty
Package: auxhook 2019-12-17 v1.6 Hooks for auxiliary files (HO)
) (/usr/local/texlive/2021/texmf-dist/tex/latex/kvoptions/kvoptions.sty
Package: kvoptions 2020-10-07 v3.14 Key value format for package options (HO)
)
\@linkdim=\dimen158
\Hy@linkcounter=\count198
\Hy@pagecounter=\count199
 (/usr/local/texlive/2021/texmf-dist/tex/latex/hyperref/pd1enc.def
File: pd1enc.def 2021-02-27 v7.00k Hyperref: PDFDocEncoding definition (HO)
) (/usr/local/texlive/2021/texmf-dist/tex/latex/hyperref/hyperref-langpatches.def
File: hyperref-langpatches.def 2021-02-27 v7.00k Hyperref: patches for babel languages
) (/usr/local/texlive/2021/texmf-dist/tex/generic/intcalc/intcalc.sty
Package: intcalc 2019/12/15 v1.3 Expandable calculations with integers (HO)
) (/usr/local/texlive/2021/texmf-dist/tex/generic/etexcmds/etexcmds.sty
Package: etexcmds 2019/12/15 v1.7 Avoid name clashes with e-TeX commands (HO)
)
\Hy@SavedSpaceFactor=\count266
 (/usr/local/texlive/2021/texmf-dist/tex/latex/hyperref/puenc.def
File: puenc.def 2021-02-27 v7.00k Hyperref: PDF Unicode definition (HO)
)
Package hyperref Info: Hyper figures OFF on input line 4192.
Package hyperref Info: Link nesting OFF on input line 4197.
Package hyperref Info: Hyper index ON on input line 4200.
Package hyperref Info: Plain pages OFF on input line 4207.
Package hyperref Info: Backreferencing OFF on input line 4212.
Package hyperref Info: Implicit mode ON; LaTeX internals redefined.
Package hyperref Info: Bookmarks ON on input line 4445.
\c@Hy@tempcnt=\count267
 (/usr/local/texlive/2021/texmf-dist/tex/latex/url/url.sty
\Urlmuskip=\muskip17
Package: url 2013/09/16  ver 3.4  Verb mode for urls, etc.
)
LaTeX Info: Redefining \url on input line 4804.
\XeTeXLinkMargin=\dimen159
 (/usr/local/texlive/2021/texmf-dist/tex/generic/bitset/bitset.sty
Package: bitset 2019/12/09 v1.3 Handle bit-vector datatype (HO)
 (/usr/local/texlive/2021/texmf-dist/tex/generic/bigintcalc/bigintcalc.sty
Package: bigintcalc 2019/12/15 v1.5 Expandable calculations on big integers (HO)
))
\Fld@menulength=\count268
\Field@Width=\dimen160
\Fld@charsize=\dimen161
Package hyperref Info: Hyper figures OFF on input line 6075.
Package hyperref Info: Link nesting OFF on input line 6080.
Package hyperref Info: Hyper index ON on input line 6083.
Package hyperref Info: backreferencing OFF on input line 6090.
Package hyperref Info: Link coloring OFF on input line 6095.
Package hyperref Info: Link coloring with OCG OFF on input line 6100.
Package hyperref Info: PDF/A mode OFF on input line 6105.
LaTeX Info: Redefining \ref on input line 6145.
LaTeX Info: Redefining \pageref on input line 6149.
 (/usr/local/texlive/2021/texmf-dist/tex/latex/base/atbegshi-ltx.sty
Package: atbegshi-ltx 2020/08/17 v1.0a Emulation of the original atbegshi package
with kernel methods
)
\Hy@abspage=\count269
\c@Item=\count270
\c@Hfootnote=\count271
)
Package hyperref Info: Driver (autodetected): hxetex.
 (/usr/local/texlive/2021/texmf-dist/tex/latex/hyperref/hxetex.def
File: hxetex.def 2021-02-27 v7.00k Hyperref driver for XeTeX
 (/usr/local/texlive/2021/texmf-dist/tex/generic/stringenc/stringenc.sty
Package: stringenc 2019/11/29 v1.12 Convert strings between diff. encodings (HO)
)
\pdfm@box=\box51
\c@Hy@AnnotLevel=\count272
\HyField@AnnotCount=\count273
\Fld@listcount=\count274
\c@bookmark@seq@number=\count275
 (/usr/local/texlive/2021/texmf-dist/tex/latex/rerunfilecheck/rerunfilecheck.sty
Package: rerunfilecheck 2019/12/05 v1.9 Rerun checks for auxiliary files (HO)
 (/usr/local/texlive/2021/texmf-dist/tex/latex/base/atveryend-ltx.sty
Package: atveryend-ltx 2020/08/19 v1.0a Emulation of the original atvery package
with kernel methods
)
(/usr/local/texlive/2021/texmf-dist/tex/generic/uniquecounter/uniquecounter.sty
Package: uniquecounter 2019/12/15 v1.4 Provide unlimited unique counter (HO)
)
Package uniquecounter Info: New unique counter `rerunfilecheck' on input line 286.
)
\Hy@SectionHShift=\skip54
) (/usr/local/texlive/2021/texmf-dist/tex/latex/fancyhdr/fancyhdr.sty
Package: fancyhdr 2021/01/28 v4.0.1 Extensive control of page headers and footers
\f@nch@headwidth=\skip55
\f@nch@O@elh=\skip56
\f@nch@O@erh=\skip57
\f@nch@O@olh=\skip58
\f@nch@O@orh=\skip59
\f@nch@O@elf=\skip60
\f@nch@O@erf=\skip61
\f@nch@O@olf=\skip62
\f@nch@O@orf=\skip63
) (/usr/local/texlive/2021/texmf-dist/tex/latex/amsfonts/amssymb.sty
Package: amssymb 2013/01/14 v3.01 AMS font symbols
 (/usr/local/texlive/2021/texmf-dist/tex/latex/amsfonts/amsfonts.sty
Package: amsfonts 2013/01/14 v3.01 Basic AMSFonts support
\symAMSa=\mathgroup4
\symAMSb=\mathgroup5
LaTeX Font Info:    Redeclaring math symbol \hbar on input line 98.
LaTeX Font Info:    Overwriting math alphabet `\mathfrak' in version `bold'
(Font)                  U/euf/m/n --> U/euf/b/n on input line 106.
)) (/usr/local/texlive/2021/texmf-dist/tex/latex/relsize/relsize.sty
Package: relsize 2013/03/29 ver 4.1
) (/usr/local/texlive/2021/texmf-dist/tex/latex/amscls/amsthm.sty
Package: amsthm 2020/05/29 v2.20.6
\thm@style=\toks23
\thm@bodyfont=\toks24
\thm@headfont=\toks25
\thm@notefont=\toks26
\thm@headpunct=\toks27
\thm@preskip=\skip64
\thm@postskip=\skip65
\thm@headsep=\skip66
\dth@everypar=\toks28
) (/usr/local/texlive/2021/texmf-dist/tex/latex/answers/answers.sty
Package: answers 2014/08/24 v2.16 Production of solution sheets in LaTeX2e
 (/usr/local/texlive/2021/texmf-dist/tex/latex/tools/verbatim.sty
Package: verbatim 2020-07-07 v1.5u LaTeX2e package for verbatim enhancements
\every@verbatim=\toks29
\verbatim@line=\toks30
\verbatim@in@stream=\read2
)) (/usr/local/texlive/2021/texmf-dist/tex/latex/setspace/setspace.sty
Package: setspace 2011/12/19 v6.7a set line spacing
) (/usr/local/texlive/2021/texmf-dist/tex/latex/graphics/graphicx.sty
Package: graphicx 2020/09/09 v1.2b Enhanced LaTeX Graphics (DPC,SPQR)
 (/usr/local/texlive/2021/texmf-dist/tex/latex/graphics/graphics.sty
Package: graphics 2020/08/30 v1.4c Standard LaTeX Graphics (DPC,SPQR)
 (/usr/local/texlive/2021/texmf-dist/tex/latex/graphics/trig.sty
Package: trig 2016/01/03 v1.10 sin cos tan (DPC)
) (/usr/local/texlive/2021/texmf-dist/tex/latex/graphics-cfg/graphics.cfg
File: graphics.cfg 2016/06/04 v1.11 sample graphics configuration
)
Package graphics Info: Driver file: xetex.def on input line 105.
 (/usr/local/texlive/2021/texmf-dist/tex/latex/graphics-def/xetex.def
File: xetex.def 2021/03/18 v5.0k Graphics/color driver for xetex
))
\Gin@req@height=\dimen162
\Gin@req@width=\dimen163
) (/usr/local/texlive/2021/texmf-dist/tex/latex/graphics/color.sty
Package: color 2020/02/24 v1.2b Standard LaTeX Color (DPC)
 (/usr/local/texlive/2021/texmf-dist/tex/latex/graphics-cfg/color.cfg
File: color.cfg 2016/01/02 v1.6 sample color configuration
)
Package color Info: Driver file: xetex.def on input line 147.
) (/usr/local/texlive/2021/texmf-dist/tex/latex/pgf/frontendlayer/tikz.sty (/usr/local/texlive/2021/texmf-dist/tex/latex/pgf/basiclayer/pgf.sty (/usr/local/texlive/2021/texmf-dist/tex/latex/pgf/utilities/pgfrcs.sty (/usr/local/texlive/2021/texmf-dist/tex/generic/pgf/utilities/pgfutil-common.tex
\pgfutil@everybye=\toks31
\pgfutil@tempdima=\dimen164
\pgfutil@tempdimb=\dimen165
 (/usr/local/texlive/2021/texmf-dist/tex/generic/pgf/utilities/pgfutil-common-lists.tex)) (/usr/local/texlive/2021/texmf-dist/tex/generic/pgf/utilities/pgfutil-latex.def
\pgfutil@abb=\box52
) (/usr/local/texlive/2021/texmf-dist/tex/generic/pgf/utilities/pgfrcs.code.tex (/usr/local/texlive/2021/texmf-dist/tex/generic/pgf/pgf.revision.tex)
Package: pgfrcs 2020/12/27 v3.1.8b (3.1.8b)
))
Package: pgf 2020/12/27 v3.1.8b (3.1.8b)
 (/usr/local/texlive/2021/texmf-dist/tex/latex/pgf/basiclayer/pgfcore.sty (/usr/local/texlive/2021/texmf-dist/tex/latex/pgf/systemlayer/pgfsys.sty (/usr/local/texlive/2021/texmf-dist/tex/generic/pgf/systemlayer/pgfsys.code.tex
Package: pgfsys 2020/12/27 v3.1.8b (3.1.8b)
 (/usr/local/texlive/2021/texmf-dist/tex/generic/pgf/utilities/pgfkeys.code.tex
\pgfkeys@pathtoks=\toks32
\pgfkeys@temptoks=\toks33

(/usr/local/texlive/2021/texmf-dist/tex/generic/pgf/utilities/pgfkeysfiltered.code.tex
\pgfkeys@tmptoks=\toks34
))
\pgf@x=\dimen166
\pgf@y=\dimen167
\pgf@xa=\dimen168
\pgf@ya=\dimen169
\pgf@xb=\dimen170
\pgf@yb=\dimen171
\pgf@xc=\dimen172
\pgf@yc=\dimen173
\pgf@xd=\dimen174
\pgf@yd=\dimen175
\w@pgf@writea=\write3
\r@pgf@reada=\read3
\c@pgf@counta=\count276
\c@pgf@countb=\count277
\c@pgf@countc=\count278
\c@pgf@countd=\count279
\t@pgf@toka=\toks35
\t@pgf@tokb=\toks36
\t@pgf@tokc=\toks37
\pgf@sys@id@count=\count280
 (/usr/local/texlive/2021/texmf-dist/tex/generic/pgf/systemlayer/pgf.cfg
File: pgf.cfg 2020/12/27 v3.1.8b (3.1.8b)
)
Driver file for pgf: pgfsys-xetex.def
 (/usr/local/texlive/2021/texmf-dist/tex/generic/pgf/systemlayer/pgfsys-xetex.def
File: pgfsys-xetex.def 2020/12/27 v3.1.8b (3.1.8b)
 (/usr/local/texlive/2021/texmf-dist/tex/generic/pgf/systemlayer/pgfsys-dvipdfmx.def
File: pgfsys-dvipdfmx.def 2020/12/27 v3.1.8b (3.1.8b)
 (/usr/local/texlive/2021/texmf-dist/tex/generic/pgf/systemlayer/pgfsys-common-pdf.def
File: pgfsys-common-pdf.def 2020/12/27 v3.1.8b (3.1.8b)
)
\pgfsys@objnum=\count281
))) (/usr/local/texlive/2021/texmf-dist/tex/generic/pgf/systemlayer/pgfsyssoftpath.code.tex
File: pgfsyssoftpath.code.tex 2020/12/27 v3.1.8b (3.1.8b)
\pgfsyssoftpath@smallbuffer@items=\count282
\pgfsyssoftpath@bigbuffer@items=\count283
) (/usr/local/texlive/2021/texmf-dist/tex/generic/pgf/systemlayer/pgfsysprotocol.code.tex
File: pgfsysprotocol.code.tex 2020/12/27 v3.1.8b (3.1.8b)
)) (/usr/local/texlive/2021/texmf-dist/tex/latex/xcolor/xcolor.sty
Package: xcolor 2016/05/11 v2.12 LaTeX color extensions (UK)
 (/usr/local/texlive/2021/texmf-dist/tex/latex/graphics-cfg/color.cfg
File: color.cfg 2016/01/02 v1.6 sample color configuration
)
Package xcolor Info: Driver file: xetex.def on input line 225.
LaTeX Info: Redefining \color on input line 709.
Package xcolor Info: Model `cmy' substituted by `cmy0' on input line 1348.
Package xcolor Info: Model `RGB' extended on input line 1364.
Package xcolor Info: Model `HTML' substituted by `rgb' on input line 1366.
Package xcolor Info: Model `Hsb' substituted by `hsb' on input line 1367.
Package xcolor Info: Model `tHsb' substituted by `hsb' on input line 1368.
Package xcolor Info: Model `HSB' substituted by `hsb' on input line 1369.
Package xcolor Info: Model `Gray' substituted by `gray' on input line 1370.
Package xcolor Info: Model `wave' substituted by `hsb' on input line 1371.
) (/usr/local/texlive/2021/texmf-dist/tex/generic/pgf/basiclayer/pgfcore.code.tex
Package: pgfcore 2020/12/27 v3.1.8b (3.1.8b)
 (/usr/local/texlive/2021/texmf-dist/tex/generic/pgf/math/pgfmath.code.tex (/usr/local/texlive/2021/texmf-dist/tex/generic/pgf/math/pgfmathcalc.code.tex (/usr/local/texlive/2021/texmf-dist/tex/generic/pgf/math/pgfmathutil.code.tex) (/usr/local/texlive/2021/texmf-dist/tex/generic/pgf/math/pgfmathparser.code.tex
\pgfmath@dimen=\dimen176
\pgfmath@count=\count284
\pgfmath@box=\box53
\pgfmath@toks=\toks38
\pgfmath@stack@operand=\toks39
\pgfmath@stack@operation=\toks40
) (/usr/local/texlive/2021/texmf-dist/tex/generic/pgf/math/pgfmathfunctions.code.tex (/usr/local/texlive/2021/texmf-dist/tex/generic/pgf/math/pgfmathfunctions.basic.code.tex) (/usr/local/texlive/2021/texmf-dist/tex/generic/pgf/math/pgfmathfunctions.trigonometric.code.tex) (/usr/local/texlive/2021/texmf-dist/tex/generic/pgf/math/pgfmathfunctions.random.code.tex) (/usr/local/texlive/2021/texmf-dist/tex/generic/pgf/math/pgfmathfunctions.comparison.code.tex) (/usr/local/texlive/2021/texmf-dist/tex/generic/pgf/math/pgfmathfunctions.base.code.tex) (/usr/local/texlive/2021/texmf-dist/tex/generic/pgf/math/pgfmathfunctions.round.code.tex) (/usr/local/texlive/2021/texmf-dist/tex/generic/pgf/math/pgfmathfunctions.misc.code.tex) (/usr/local/texlive/2021/texmf-dist/tex/generic/pgf/math/pgfmathfunctions.integerarithmetics.code.tex))) (/usr/local/texlive/2021/texmf-dist/tex/generic/pgf/math/pgfmathfloat.code.tex
\c@pgfmathroundto@lastzeros=\count285
))
(/usr/local/texlive/2021/texmf-dist/tex/generic/pgf/math/pgfint.code.tex) (/usr/local/texlive/2021/texmf-dist/tex/generic/pgf/basiclayer/pgfcorepoints.code.tex
File: pgfcorepoints.code.tex 2020/12/27 v3.1.8b (3.1.8b)
\pgf@picminx=\dimen177
\pgf@picmaxx=\dimen178
\pgf@picminy=\dimen179
\pgf@picmaxy=\dimen180
\pgf@pathminx=\dimen181
\pgf@pathmaxx=\dimen182
\pgf@pathminy=\dimen183
\pgf@pathmaxy=\dimen184
\pgf@xx=\dimen185
\pgf@xy=\dimen186
\pgf@yx=\dimen187
\pgf@yy=\dimen188
\pgf@zx=\dimen189
\pgf@zy=\dimen190
) (/usr/local/texlive/2021/texmf-dist/tex/generic/pgf/basiclayer/pgfcorepathconstruct.code.tex
File: pgfcorepathconstruct.code.tex 2020/12/27 v3.1.8b (3.1.8b)
\pgf@path@lastx=\dimen191
\pgf@path@lasty=\dimen192
) (/usr/local/texlive/2021/texmf-dist/tex/generic/pgf/basiclayer/pgfcorepathusage.code.tex
File: pgfcorepathusage.code.tex 2020/12/27 v3.1.8b (3.1.8b)
\pgf@shorten@end@additional=\dimen193
\pgf@shorten@start@additional=\dimen194
) (/usr/local/texlive/2021/texmf-dist/tex/generic/pgf/basiclayer/pgfcorescopes.code.tex
File: pgfcorescopes.code.tex 2020/12/27 v3.1.8b (3.1.8b)
\pgfpic=\box54
\pgf@hbox=\box55
\pgf@layerbox@main=\box56
\pgf@picture@serial@count=\count286
) (/usr/local/texlive/2021/texmf-dist/tex/generic/pgf/basiclayer/pgfcoregraphicstate.code.tex
File: pgfcoregraphicstate.code.tex 2020/12/27 v3.1.8b (3.1.8b)
\pgflinewidth=\dimen195
) (/usr/local/texlive/2021/texmf-dist/tex/generic/pgf/basiclayer/pgfcoretransformations.code.tex
File: pgfcoretransformations.code.tex 2020/12/27 v3.1.8b (3.1.8b)
\pgf@pt@x=\dimen196
\pgf@pt@y=\dimen197
\pgf@pt@temp=\dimen198
) (/usr/local/texlive/2021/texmf-dist/tex/generic/pgf/basiclayer/pgfcorequick.code.tex
File: pgfcorequick.code.tex 2020/12/27 v3.1.8b (3.1.8b)
) (/usr/local/texlive/2021/texmf-dist/tex/generic/pgf/basiclayer/pgfcoreobjects.code.tex
File: pgfcoreobjects.code.tex 2020/12/27 v3.1.8b (3.1.8b)
) (/usr/local/texlive/2021/texmf-dist/tex/generic/pgf/basiclayer/pgfcorepathprocessing.code.tex
File: pgfcorepathprocessing.code.tex 2020/12/27 v3.1.8b (3.1.8b)
) (/usr/local/texlive/2021/texmf-dist/tex/generic/pgf/basiclayer/pgfcorearrows.code.tex
File: pgfcorearrows.code.tex 2020/12/27 v3.1.8b (3.1.8b)
\pgfarrowsep=\dimen199
) (/usr/local/texlive/2021/texmf-dist/tex/generic/pgf/basiclayer/pgfcoreshade.code.tex
File: pgfcoreshade.code.tex 2020/12/27 v3.1.8b (3.1.8b)
\pgf@max=\dimen256
\pgf@sys@shading@range@num=\count287
\pgf@shadingcount=\count288
) (/usr/local/texlive/2021/texmf-dist/tex/generic/pgf/basiclayer/pgfcoreimage.code.tex
File: pgfcoreimage.code.tex 2020/12/27 v3.1.8b (3.1.8b)
 (/usr/local/texlive/2021/texmf-dist/tex/generic/pgf/basiclayer/pgfcoreexternal.code.tex
File: pgfcoreexternal.code.tex 2020/12/27 v3.1.8b (3.1.8b)
\pgfexternal@startupbox=\box57
)) (/usr/local/texlive/2021/texmf-dist/tex/generic/pgf/basiclayer/pgfcorelayers.code.tex
File: pgfcorelayers.code.tex 2020/12/27 v3.1.8b (3.1.8b)
) (/usr/local/texlive/2021/texmf-dist/tex/generic/pgf/basiclayer/pgfcoretransparency.code.tex
File: pgfcoretransparency.code.tex 2020/12/27 v3.1.8b (3.1.8b)
) (/usr/local/texlive/2021/texmf-dist/tex/generic/pgf/basiclayer/pgfcorepatterns.code.tex
File: pgfcorepatterns.code.tex 2020/12/27 v3.1.8b (3.1.8b)
) (/usr/local/texlive/2021/texmf-dist/tex/generic/pgf/basiclayer/pgfcorerdf.code.tex
File: pgfcorerdf.code.tex 2020/12/27 v3.1.8b (3.1.8b)
))) (/usr/local/texlive/2021/texmf-dist/tex/generic/pgf/modules/pgfmoduleshapes.code.tex
File: pgfmoduleshapes.code.tex 2020/12/27 v3.1.8b (3.1.8b)
\pgfnodeparttextbox=\box58
) (/usr/local/texlive/2021/texmf-dist/tex/generic/pgf/modules/pgfmoduleplot.code.tex
File: pgfmoduleplot.code.tex 2020/12/27 v3.1.8b (3.1.8b)
) (/usr/local/texlive/2021/texmf-dist/tex/latex/pgf/compatibility/pgfcomp-version-0-65.sty
Package: pgfcomp-version-0-65 2020/12/27 v3.1.8b (3.1.8b)
\pgf@nodesepstart=\dimen257
\pgf@nodesepend=\dimen258
) (/usr/local/texlive/2021/texmf-dist/tex/latex/pgf/compatibility/pgfcomp-version-1-18.sty
Package: pgfcomp-version-1-18 2020/12/27 v3.1.8b (3.1.8b)
)) (/usr/local/texlive/2021/texmf-dist/tex/latex/pgf/utilities/pgffor.sty
(/usr/local/texlive/2021/texmf-dist/tex/latex/pgf/utilities/pgfkeys.sty (/usr/local/texlive/2021/texmf-dist/tex/generic/pgf/utilities/pgfkeys.code.tex)) (/usr/local/texlive/2021/texmf-dist/tex/latex/pgf/math/pgfmath.sty (/usr/local/texlive/2021/texmf-dist/tex/generic/pgf/math/pgfmath.code.tex)) (/usr/local/texlive/2021/texmf-dist/tex/generic/pgf/utilities/pgffor.code.tex
Package: pgffor 2020/12/27 v3.1.8b (3.1.8b)
 (/usr/local/texlive/2021/texmf-dist/tex/generic/pgf/math/pgfmath.code.tex)
\pgffor@iter=\dimen259
\pgffor@skip=\dimen260
\pgffor@stack=\toks41
\pgffor@toks=\toks42
)) (/usr/local/texlive/2021/texmf-dist/tex/generic/pgf/frontendlayer/tikz/tikz.code.tex
Package: tikz 2020/12/27 v3.1.8b (3.1.8b)
 (/usr/local/texlive/2021/texmf-dist/tex/generic/pgf/libraries/pgflibraryplothandlers.code.tex
File: pgflibraryplothandlers.code.tex 2020/12/27 v3.1.8b (3.1.8b)
\pgf@plot@mark@count=\count289
\pgfplotmarksize=\dimen261
)
\tikz@lastx=\dimen262
\tikz@lasty=\dimen263
\tikz@lastxsaved=\dimen264
\tikz@lastysaved=\dimen265
\tikz@lastmovetox=\dimen266
\tikz@lastmovetoy=\dimen267
\tikzleveldistance=\dimen268
\tikzsiblingdistance=\dimen269
\tikz@figbox=\box59
\tikz@figbox@bg=\box60
\tikz@tempbox=\box61
\tikz@tempbox@bg=\box62
\tikztreelevel=\count290
\tikznumberofchildren=\count291
\tikznumberofcurrentchild=\count292
\tikz@fig@count=\count293
 (/usr/local/texlive/2021/texmf-dist/tex/generic/pgf/modules/pgfmodulematrix.code.tex
File: pgfmodulematrix.code.tex 2020/12/27 v3.1.8b (3.1.8b)
\pgfmatrixcurrentrow=\count294
\pgfmatrixcurrentcolumn=\count295
\pgf@matrix@numberofcolumns=\count296
)
\tikz@expandcount=\count297
 (/usr/local/texlive/2021/texmf-dist/tex/generic/pgf/frontendlayer/tikz/libraries/tikzlibrarytopaths.code.tex
File: tikzlibrarytopaths.code.tex 2020/12/27 v3.1.8b (3.1.8b)
))) (/usr/local/texlive/2021/texmf-dist/tex/latex/lm/lmodern.sty
Package: lmodern 2015/05/01 v1.6.1 Latin Modern Fonts
LaTeX Font Info:    Overwriting symbol font `operators' in version `normal'
(Font)                  OT1/cmr/m/n --> OT1/lmr/m/n on input line 22.
LaTeX Font Info:    Overwriting symbol font `letters' in version `normal'
(Font)                  OML/cmm/m/it --> OML/lmm/m/it on input line 23.
LaTeX Font Info:    Overwriting symbol font `symbols' in version `normal'
(Font)                  OMS/cmsy/m/n --> OMS/lmsy/m/n on input line 24.
LaTeX Font Info:    Overwriting symbol font `largesymbols' in version `normal'
(Font)                  OMX/cmex/m/n --> OMX/lmex/m/n on input line 25.
LaTeX Font Info:    Overwriting symbol font `operators' in version `bold'
(Font)                  OT1/cmr/bx/n --> OT1/lmr/bx/n on input line 26.
LaTeX Font Info:    Overwriting symbol font `letters' in version `bold'
(Font)                  OML/cmm/b/it --> OML/lmm/b/it on input line 27.
LaTeX Font Info:    Overwriting symbol font `symbols' in version `bold'
(Font)                  OMS/cmsy/b/n --> OMS/lmsy/b/n on input line 28.
LaTeX Font Info:    Overwriting symbol font `largesymbols' in version `bold'
(Font)                  OMX/cmex/m/n --> OMX/lmex/m/n on input line 29.
LaTeX Font Info:    Overwriting math alphabet `\mathbf' in version `normal'
(Font)                  OT1/cmr/bx/n --> OT1/lmr/bx/n on input line 31.
LaTeX Font Info:    Overwriting math alphabet `\mathsf' in version `normal'
(Font)                  OT1/cmss/m/n --> OT1/lmss/m/n on input line 32.
LaTeX Font Info:    Overwriting math alphabet `\mathit' in version `normal'
(Font)                  OT1/cmr/m/it --> OT1/lmr/m/it on input line 33.
LaTeX Font Info:    Overwriting math alphabet `\mathtt' in version `normal'
(Font)                  OT1/cmtt/m/n --> OT1/lmtt/m/n on input line 34.
LaTeX Font Info:    Overwriting math alphabet `\mathbf' in version `bold'
(Font)                  OT1/cmr/bx/n --> OT1/lmr/bx/n on input line 35.
LaTeX Font Info:    Overwriting math alphabet `\mathsf' in version `bold'
(Font)                  OT1/cmss/bx/n --> OT1/lmss/bx/n on input line 36.
LaTeX Font Info:    Overwriting math alphabet `\mathit' in version `bold'
(Font)                  OT1/cmr/bx/it --> OT1/lmr/bx/it on input line 37.
LaTeX Font Info:    Overwriting math alphabet `\mathtt' in version `bold'
(Font)                  OT1/cmtt/m/n --> OT1/lmtt/m/n on input line 38.
) (/usr/local/texlive/2021/texmf-dist/tex/generic/german/ngerman.sty v2.5e 1998-07-08
Package: ngerman 1998/07/08 v2.5e Support for writing german texts (br)
\grmnU@D=\dimen270
ngerman -- \language number for naustrian undefined, default 34 used.
) (/usr/local/texlive/2021/texmf-dist/tex/latex/titlesec/titletoc.sty
Package: titletoc 2019/10/16 v2.13 TOC entries
\ttl@leftsep=\dimen271
) (/usr/local/texlive/2021/texmf-dist/tex/latex/booktabs/booktabs.sty
Package: booktabs 2020/01/12 v1.61803398 Publication quality tables
\heavyrulewidth=\dimen272
\lightrulewidth=\dimen273
\cmidrulewidth=\dimen274
\belowrulesep=\dimen275
\belowbottomsep=\dimen276
\aboverulesep=\dimen277
\abovetopsep=\dimen278
\cmidrulesep=\dimen279
\cmidrulekern=\dimen280
\defaultaddspace=\dimen281
\@cmidla=\count298
\@cmidlb=\count299
\@aboverulesep=\dimen282
\@belowrulesep=\dimen283
\@thisruleclass=\count300
\@lastruleclass=\count301
\@thisrulewidth=\dimen284
) (/usr/local/texlive/2021/texmf-dist/tex/latex/tools/calc.sty
Package: calc 2017/05/25 v4.3 Infix arithmetic (KKT,FJ)
\calc@Acount=\count302
\calc@Bcount=\count303
\calc@Adimen=\dimen285
\calc@Bdimen=\dimen286
\calc@Askip=\skip67
\calc@Bskip=\skip68
LaTeX Info: Redefining \setlength on input line 80.
LaTeX Info: Redefining \addtolength on input line 81.
\calc@Ccount=\count304
\calc@Cskip=\skip69
) (/usr/local/texlive/2021/texmf-dist/tex/latex/microtype/microtype.sty
Package: microtype 2021/03/14 v2.8c Micro-typographical refinements (RS)
\MT@toks=\toks43
\MT@count=\count305
LaTeX Info: Redefining \textls on input line 790.
\MT@outer@kern=\dimen287
LaTeX Info: Redefining \textmicrotypecontext on input line 1374.
\MT@listname@count=\count306
 (/usr/local/texlive/2021/texmf-dist/tex/latex/microtype/microtype-xetex.def
File: microtype-xetex.def 2021/03/14 v2.8c Definitions specific to xetex (RS)
LaTeX Info: Redefining \lsstyle on input line 254.
)
Package microtype Info: Loading configuration file microtype.cfg.
 (/usr/local/texlive/2021/texmf-dist/tex/latex/microtype/microtype.cfg
File: microtype.cfg 2021/03/14 v2.8c microtype main configuration file (RS)
)) (/usr/local/texlive/2021/texmf-dist/tex/latex/titlesec/titlesec.sty
Package: titlesec 2019/10/16 v2.13 Sectioning titles
\ttl@box=\box63
\beforetitleunit=\skip70
\aftertitleunit=\skip71
\ttl@plus=\dimen288
\ttl@minus=\dimen289
\ttl@toksa=\toks44
\titlewidth=\dimen290
\titlewidthlast=\dimen291
\titlewidthfirst=\dimen292
) (/usr/local/texlive/2021/texmf-dist/tex/latex/listings/listings.sty
\lst@mode=\count307
\lst@gtempboxa=\box64
\lst@token=\toks45
\lst@length=\count308
\lst@currlwidth=\dimen293
\lst@column=\count309
\lst@pos=\count310
\lst@lostspace=\dimen294
\lst@width=\dimen295
\lst@newlines=\count311
\lst@lineno=\count312
\lst@maxwidth=\dimen296
 (/usr/local/texlive/2021/texmf-dist/tex/latex/listings/lstmisc.sty
File: lstmisc.sty 2020/03/24 1.8d (Carsten Heinz)
\c@lstnumber=\count313
\lst@skipnumbers=\count314
\lst@framebox=\box65
) (/usr/local/texlive/2021/texmf-dist/tex/latex/listings/listings.cfg
File: listings.cfg 2020/03/24 1.8d listings configuration
))
Package: listings 2020/03/24 1.8d (Carsten Heinz)
 (/usr/local/texlive/2021/texmf-dist/tex/latex/blindtext/blindtext.sty
Package: blindtext 2012/01/06 V2.0 blindtext-Package
 (/usr/local/texlive/2021/texmf-dist/tex/latex/tools/xspace.sty
Package: xspace 2014/10/28 v1.13 Space after command names (DPC,MH)
)
\c@blindtext=\count315
\c@Blindtext=\count316
\c@blind@countparstart=\count317
\blind@countxx=\count318
\blindtext@numBlindtext=\count319
\blind@countyy=\count320
\c@blindlist=\count321
\c@blindlistlevel=\count322
\c@blindlist@level=\count323
\blind@listitem=\count324
\c@blind@listcount=\count325
\c@blind@levelcount=\count326
\blind@mathformula=\count327
\blind@Mathformula=\count328
\c@blind@randomcount=\count329
\c@blind@randommax=\count330
\c@blind@pangramcount=\count331
\c@blind@pangrammax=\count332
) (/usr/local/texlive/2021/texmf-dist/tex/latex/enumitem/enumitem.sty
Package: enumitem 2019/06/20 v3.9 Customized lists
\labelindent=\skip72
\enit@outerparindent=\dimen297
\enit@toks=\toks46
\enit@inbox=\box66
\enit@count@id=\count333
\enitdp@description=\count334
) (/usr/local/texlive/2021/texmf-dist/tex/latex/subfig/subfig.sty
Package: subfig 2005/06/28 ver: 1.3 subfig package
 (/usr/local/texlive/2021/texmf-dist/tex/latex/caption/caption.sty
Package: caption 2020/10/26 v3.5g Customizing captions (AR)

(/usr/local/texlive/2021/texmf-dist/tex/latex/caption/caption3.sty
Package: caption3 2020/10/21 v2.2e caption3 kernel (AR)
\captionmargin=\dimen298
\captionmargin@=\dimen299
\captionwidth=\dimen300
\caption@tempdima=\dimen301
\caption@indent=\dimen302
\caption@parindent=\dimen303
\caption@hangindent=\dimen304
Package caption Info: Standard document class detected.
)
\c@caption@flags=\count335
\c@continuedfloat=\count336
Package caption Info: hyperref package is loaded.
Package caption Info: listings package is loaded.
)
\c@KVtest=\count337
\sf@farskip=\skip73
\sf@captopadj=\dimen305
\sf@capskip=\skip74
\sf@nearskip=\skip75
\c@subfigure=\count338
\c@subfigure@save=\count339
\c@lofdepth=\count340
\c@subtable=\count341
\c@subtable@save=\count342
\c@lotdepth=\count343
\sf@top=\skip76
\sf@bottom=\skip77
) (/usr/local/texlive/2021/texmf-dist/tex/latex/sttools/stfloats.sty
Package: stfloats 2017/03/27 v3.3 Improve float mechanism and baselineskip settings
\@dblbotnum=\count344
\c@dblbotnumber=\count345
) (/usr/local/texlive/2021/texmf-dist/tex/latex/placeins/placeins.sty
Package: placeins 2005/04/18  v 2.2
)
Package hyperref Info: Option `colorlinks' set `true' on input line 47.
 (/usr/local/texlive/2021/texmf-dist/tex/latex/l3backend/l3backend-xetex.def
File: l3backend-xetex.def 2021-03-18 L3 backend support: XeTeX
 (|extractbb --version)
\c__kernel_sys_dvipdfmx_version_int=\count346
\l__color_backend_stack_int=\count347
\g__color_backend_stack_int=\count348
\g__graphics_track_int=\count349
\l__pdf_internal_box=\box67
\g__pdf_backend_object_int=\count350
\g__pdf_backend_annotation_int=\count351
\g__pdf_backend_link_int=\count352
) (/Users/philippwulff/My Drive/TUM_RCI/TUM_RCI/Robotics/.texpadtmp/robotics_summary.aux (/Users/philippwulff/My Drive/TUM_RCI/TUM_RCI/Robotics/.texpadtmp/sections/0-preface.aux) (/Users/philippwulff/My Drive/TUM_RCI/TUM_RCI/Robotics/.texpadtmp/sections/1-motivation.aux) (/Users/philippwulff/My Drive/TUM_RCI/TUM_RCI/Robotics/.texpadtmp/sections/2-forwardkinematics.aux) (/Users/philippwulff/My Drive/TUM_RCI/TUM_RCI/Robotics/.texpadtmp/sections/3-inversekinematics.aux) (/Users/philippwulff/My Drive/TUM_RCI/TUM_RCI/Robotics/.texpadtmp/sections/4-robotdynamics.aux) (/Users/philippwulff/My Drive/TUM_RCI/TUM_RCI/Robotics/.texpadtmp/sections/5-control.aux) (/Users/philippwulff/My Drive/TUM_RCI/TUM_RCI/Robotics/.texpadtmp/sections/6-formulas.aux))
\openout1 = `robotics_summary.aux'.

LaTeX Font Info:    Checking defaults for OML/cmm/m/it on input line 63.
LaTeX Font Info:    ... okay on input line 63.
LaTeX Font Info:    Checking defaults for OMS/cmsy/m/n on input line 63.
LaTeX Font Info:    ... okay on input line 63.
LaTeX Font Info:    Checking defaults for OT1/cmr/m/n on input line 63.
LaTeX Font Info:    ... okay on input line 63.
LaTeX Font Info:    Checking defaults for T1/cmr/m/n on input line 63.
LaTeX Font Info:    ... okay on input line 63.
LaTeX Font Info:    Checking defaults for TS1/cmr/m/n on input line 63.
LaTeX Font Info:    Trying to load font information for TS1+cmr on input line 63.
 (/usr/local/texlive/2021/texmf-dist/tex/latex/base/ts1cmr.fd
File: ts1cmr.fd 2019/12/16 v2.5j Standard LaTeX font definitions
)
LaTeX Font Info:    ... okay on input line 63.
LaTeX Font Info:    Checking defaults for TU/lmr/m/n on input line 63.
LaTeX Font Info:    ... okay on input line 63.
LaTeX Font Info:    Checking defaults for OMX/cmex/m/n on input line 63.
LaTeX Font Info:    ... okay on input line 63.
LaTeX Font Info:    Checking defaults for U/cmr/m/n on input line 63.
LaTeX Font Info:    ... okay on input line 63.
LaTeX Font Info:    Checking defaults for PD1/pdf/m/n on input line 63.
LaTeX Font Info:    ... okay on input line 63.
LaTeX Font Info:    Checking defaults for PU/pdf/m/n on input line 63.
LaTeX Font Info:    ... okay on input line 63.

*geometry* driver: auto-detecting
*geometry* detected driver: xetex
*geometry* verbose mode - [ preamble ] result:
* driver: xetex
* paper: a4paper
* layout: <same size as paper>
* layoutoffset:(h,v)=(0.0pt,0.0pt)
* modes: 
* h-part:(L,W,R)=(56.9055pt, 483.69687pt, 56.9055pt)
* v-part:(T,H,B)=(85.35826pt, 674.33032pt, 85.35826pt)
* \paperwidth=597.50787pt
* \paperheight=845.04684pt
* \textwidth=483.69687pt
* \textheight=674.33032pt
* \oddsidemargin=-15.36449pt
* \evensidemargin=-15.36449pt
* \topmargin=-23.91173pt
* \headheight=14.0pt
* \headsep=25.0pt
* \topskip=11.0pt
* \footskip=30.0pt
* \marginparwidth=50.0pt
* \marginparsep=10.0pt
* \columnsep=10.0pt
* \skip\footins=10.0pt plus 4.0pt minus 2.0pt
* \hoffset=0.0pt
* \voffset=0.0pt
* \mag=1000
* \@twocolumnfalse
* \@twosidefalse
* \@mparswitchfalse
* \@reversemarginfalse
* (1in=72.27pt=25.4mm, 1cm=28.453pt)

Package hyperref Info: Link coloring ON on input line 63.
(/usr/local/texlive/2021/texmf-dist/tex/latex/hyperref/nameref.sty
Package: nameref 2021-04-02 v2.47 Cross-referencing by name of section
 (/usr/local/texlive/2021/texmf-dist/tex/latex/refcount/refcount.sty
Package: refcount 2019/12/15 v3.6 Data extraction from label references (HO)
) (/usr/local/texlive/2021/texmf-dist/tex/generic/gettitlestring/gettitlestring.sty
Package: gettitlestring 2019/12/15 v1.6 Cleanup title references (HO)
)
\c@section@level=\count353
)
LaTeX Info: Redefining \ref on input line 63.
LaTeX Info: Redefining \pageref on input line 63.
LaTeX Info: Redefining \nameref on input line 63.
 (/Users/philippwulff/My Drive/TUM_RCI/TUM_RCI/Robotics/.texpadtmp/robotics_summary.out) (/Users/philippwulff/My Drive/TUM_RCI/TUM_RCI/Robotics/.texpadtmp/robotics_summary.out)
\@outlinefile=\write4
\openout4 = `robotics_summary.out'.

LaTeX Info: Redefining \microtypecontext on input line 63.
Package microtype Info: Character protrusion enabled (level 2).
Package microtype Info: Using default protrusion set `alltext'.
Package microtype Info: No adjustment of tracking.
Package microtype Info: No adjustment of spacing.
Package microtype Info: No adjustment of kerning.
Package microtype Info: Loading generic protrusion settings for font family
(microtype)             `lmss' (encoding: TU).
(microtype)             For optimal results, create family-specific settings.
(microtype)             See the microtype manual for details.
\c@lstlisting=\count354
Package caption Info: Begin \AtBeginDocument code.
Package caption Info: subfig package v1.3 is loaded.
Package caption Info: End \AtBeginDocument code.
 (/usr/local/texlive/2021/texmf-dist/tex/latex/microtype/mt-LatinModernRoman.cfg
File: mt-LatinModernRoman.cfg 2021/02/21 v1.1 microtype config. file: Latin Modern Roman (RS)
)
LaTeX Font Info:    Trying to load font information for OT1+lmr on input line 66.
 (/usr/local/texlive/2021/texmf-dist/tex/latex/lm/ot1lmr.fd
File: ot1lmr.fd 2015/05/01 v1.6.1 Font defs for Latin Modern
)
Package microtype Info: Loading generic protrusion settings for font family
(microtype)             `lmr' (encoding: OT1).
(microtype)             For optimal results, create family-specific settings.
(microtype)             See the microtype manual for details.
LaTeX Font Info:    Trying to load font information for OML+lmm on input line 66.
 (/usr/local/texlive/2021/texmf-dist/tex/latex/lm/omllmm.fd
File: omllmm.fd 2015/05/01 v1.6.1 Font defs for Latin Modern
)
LaTeX Font Info:    Trying to load font information for OMS+lmsy on input line 66.
 (/usr/local/texlive/2021/texmf-dist/tex/latex/lm/omslmsy.fd
File: omslmsy.fd 2015/05/01 v1.6.1 Font defs for Latin Modern
)
LaTeX Font Info:    Trying to load font information for OMX+lmex on input line 66.
 (/usr/local/texlive/2021/texmf-dist/tex/latex/lm/omxlmex.fd
File: omxlmex.fd 2015/05/01 v1.6.1 Font defs for Latin Modern
)
LaTeX Font Info:    External font `lmex10' loaded for size
(Font)              <12> on input line 66.
LaTeX Font Info:    External font `lmex10' loaded for size
(Font)              <8> on input line 66.
LaTeX Font Info:    External font `lmex10' loaded for size
(Font)              <6> on input line 66.
LaTeX Font Info:    Trying to load font information for U+msa on input line 66.
 (/usr/local/texlive/2021/texmf-dist/tex/latex/amsfonts/umsa.fd
File: umsa.fd 2013/01/14 v3.01 AMS symbols A
) (/usr/local/texlive/2021/texmf-dist/tex/latex/microtype/mt-msa.cfg
File: mt-msa.cfg 2006/02/04 v1.1 microtype config. file: AMS symbols (a) (RS)
)
LaTeX Font Info:    Trying to load font information for U+msb on input line 66.
 (/usr/local/texlive/2021/texmf-dist/tex/latex/amsfonts/umsb.fd
File: umsb.fd 2013/01/14 v3.01 AMS symbols B
) (/usr/local/texlive/2021/texmf-dist/tex/latex/microtype/mt-msb.cfg
File: mt-msb.cfg 2005/06/01 v1.0 microtype config. file: AMS symbols (b) (RS)
) (/Users/philippwulff/My Drive/TUM_RCI/TUM_RCI/Robotics/.texpadtmp/robotics_summary.toc
LaTeX Font Info:    External font `lmex10' loaded for size
(Font)              <10.95> on input line 3.
 [1

])
\tf@toc=\write5
\openout5 = `robotics_summary.toc'.

 [2]
\openout2 = `sections/0-preface.aux'.

 (./sections/0-preface.tex
Underfull \hbox (badness 10000) in paragraph at lines 5--7

 []

) [3

]
\openout2 = `sections/1-motivation.aux'.

 (./sections/1-motivation.tex
File: sections/imgs/1.png Graphic file (type bmp)
<sections/imgs/1.png>
File: sections/imgs/1_manipulator.png Graphic file (type bmp)
<sections/imgs/1_manipulator.png>
) [4



]
\openout2 = `sections/2-forwardkinematics.aux'.

 (./sections/2-forwardkinematics.tex
File: sections/imgs/2_right_hand_rule.png Graphic file (type bmp)
<sections/imgs/2_right_hand_rule.png>
File: sections/imgs/2.png Graphic file (type bmp)
<sections/imgs/2.png>
 [5



]
File: sections/imgs/2_rotation_matrix.png Graphic file (type bmp)
<sections/imgs/2_rotation_matrix.png>
 [6]
File: sections/imgs/2_fixed_relative_angles.png Graphic file (type bmp)
<sections/imgs/2_fixed_relative_angles.png>
File: sections/imgs/9.png Graphic file (type bmp)
<sections/imgs/9.png>
 [7]
File: sections/imgs/2_euler_angles.png Graphic file (type bmp)
<sections/imgs/2_euler_angles.png>
 [8]
File: sections/imgs/2_equivalent_angle_axis.png Graphic file (type bmp)
<sections/imgs/2_equivalent_angle_axis.png>
File: sections/imgs/4.png Graphic file (type bmp)
<sections/imgs/4.png>
File: sections/imgs/5.png Graphic file (type bmp)
<sections/imgs/5.png>
 [9]
File: sections/imgs/6.png Graphic file (type bmp)
<sections/imgs/6.png>
File: sections/imgs/2_homogeneous_transform.png Graphic file (type bmp)
<sections/imgs/2_homogeneous_transform.png>
File: sections/imgs/7.png Graphic file (type bmp)
<sections/imgs/7.png>
File: sections/imgs/8.png Graphic file (type bmp)
<sections/imgs/8.png>
 [10]
File: sections/imgs/2_inverse_transform.png Graphic file (type bmp)
<sections/imgs/2_inverse_transform.png>
File: sections/imgs/2_compound_transformation_1.png Graphic file (type bmp)
<sections/imgs/2_compound_transformation_1.png>
File: sections/imgs/2_compound_transformation_2.png Graphic file (type bmp)
<sections/imgs/2_compound_transformation_2.png>
File: sections/imgs/10.png Graphic file (type bmp)
<sections/imgs/10.png>
 [11]
File: sections/imgs/2_dh_params.png Graphic file (type bmp)
<sections/imgs/2_dh_params.png>
File: sections/imgs/11.png Graphic file (type bmp)
<sections/imgs/11.png>

Underfull \hbox (badness 10000) in paragraph at lines 202--203

 []

File: sections/imgs/2_dh_1.png Graphic file (type bmp)
<sections/imgs/2_dh_1.png>
LaTeX Font Info:    External font `lmex10' loaded for size
(Font)              <9> on input line 206.
LaTeX Font Info:    External font `lmex10' loaded for size
(Font)              <5> on input line 206.
File: sections/imgs/2_dh_2.png Graphic file (type bmp)
<sections/imgs/2_dh_2.png>
File: sections/imgs/2_dh_3.png Graphic file (type bmp)
<sections/imgs/2_dh_3.png>
File: sections/imgs/2_dh_4.png Graphic file (type bmp)
<sections/imgs/2_dh_4.png>

LaTeX Warning: `h' float specifier changed to `ht'.

File: sections/imgs/2_dh_5.png Graphic file (type bmp)
<sections/imgs/2_dh_5.png>
File: sections/imgs/2_dh_6.png Graphic file (type bmp)
<sections/imgs/2_dh_6.png>

LaTeX Warning: `h' float specifier changed to `ht'.

File: sections/imgs/2_dh_7.png Graphic file (type bmp)
<sections/imgs/2_dh_7.png>
File: sections/imgs/2_dh_8.png Graphic file (type bmp)
<sections/imgs/2_dh_8.png>

LaTeX Warning: `h' float specifier changed to `ht'.

[12] [13]
File: sections/imgs/2_dh_fkin_1.png Graphic file (type bmp)
<sections/imgs/2_dh_fkin_1.png>
File: sections/imgs/2_dh_fkin_2.png Graphic file (type bmp)
<sections/imgs/2_dh_fkin_2.png>
File: sections/imgs/2_dh_fkin_3.png Graphic file (type bmp)
<sections/imgs/2_dh_fkin_3.png>
) [14

]
\openout2 = `sections/3-inversekinematics.aux'.

 (./sections/3-inversekinematics.tex
File: sections/imgs/12.png Graphic file (type bmp)
<sections/imgs/12.png>
File: sections/imgs/13.png Graphic file (type bmp)
<sections/imgs/13.png>
 [15



]
File: sections/imgs/14.png Graphic file (type bmp)
<sections/imgs/14.png>
File: sections/imgs/15.png Graphic file (type bmp)
<sections/imgs/15.png>
File: sections/imgs/16.png Graphic file (type bmp)
<sections/imgs/16.png>
File: sections/imgs/17.png Graphic file (type bmp)
<sections/imgs/17.png>
 [16]
File: sections/imgs/18.png Graphic file (type bmp)
<sections/imgs/18.png>
File: sections/imgs/19.png Graphic file (type bmp)
<sections/imgs/19.png>
File: sections/imgs/20.png Graphic file (type bmp)
<sections/imgs/20.png>
File: sections/imgs/21.png Graphic file (type bmp)
<sections/imgs/21.png>
 [17]
File: sections/imgs/22.png Graphic file (type bmp)
<sections/imgs/22.png>
File: sections/imgs/23.png Graphic file (type bmp)
<sections/imgs/23.png>
 [18]
File: sections/imgs/24.png Graphic file (type bmp)
<sections/imgs/24.png>
File: sections/imgs/25.png Graphic file (type bmp)
<sections/imgs/25.png>
File: sections/imgs/26.png Graphic file (type bmp)
<sections/imgs/26.png>
File: sections/imgs/28.png Graphic file (type bmp)
<sections/imgs/28.png>
 [19]) [20]
\openout2 = `sections/4-robotdynamics.aux'.

 (./sections/4-robotdynamics.tex
File: sections/imgs/39.png Graphic file (type bmp)
<sections/imgs/39.png>
File: sections/imgs/40.png Graphic file (type bmp)
<sections/imgs/40.png>
File: sections/imgs/41.png Graphic file (type bmp)
<sections/imgs/41.png>
File: sections/imgs/4_pos_velocities.png Graphic file (type bmp)
<sections/imgs/4_pos_velocities.png>
 [21



]
File: sections/imgs/4_joint_coordinates.png Graphic file (type bmp)
<sections/imgs/4_joint_coordinates.png>
File: sections/imgs/4_direct_diff.png Graphic file (type bmp)
<sections/imgs/4_direct_diff.png>
File: sections/imgs/4_position_derivative_example.png Graphic file (type bmp)
<sections/imgs/4_position_derivative_example.png>
 [22]
File: sections/imgs/4_velocity_derivative.png Graphic file (type bmp)
<sections/imgs/4_velocity_derivative.png>
File: sections/imgs/4_X_pos_orientations.png Graphic file (type bmp)
<sections/imgs/4_X_pos_orientations.png>
File: sections/imgs/4_jacobian_and_basic_jacobian.png Graphic file (type bmp)
<sections/imgs/4_jacobian_and_basic_jacobian.png>
File: sections/imgs/4_x_basic_jacobian_relation.png Graphic file (type bmp)
<sections/imgs/4_x_basic_jacobian_relation.png>
 [23]
File: sections/imgs/4_linear_velocity.png Graphic file (type bmp)
<sections/imgs/4_linear_velocity.png>
File: sections/imgs/4_pure_translation.png Graphic file (type bmp)
<sections/imgs/4_pure_translation.png>
File: sections/imgs/4_rotational_motion.png Graphic file (type bmp)
<sections/imgs/4_rotational_motion.png>
File: sections/imgs/4_sim_lin_and_angular_motion.png Graphic file (type bmp)
<sections/imgs/4_sim_lin_and_angular_motion.png>
 [24]
File: sections/imgs/4_velocity_propagation.png Graphic file (type bmp)
<sections/imgs/4_velocity_propagation.png>

Overfull \hbox (14.22636pt too wide) in paragraph at lines 157--157
[][] 
 []


Overfull \hbox (19.43091pt too wide) in paragraph at lines 143--158
[]$[]$  $[]$ 
 []


Underfull \hbox (badness 10000) in paragraph at lines 159--161

 []


Underfull \hbox (badness 10000) in paragraph at lines 170--172

 []

File: sections/imgs/4_jacobian_explicit_form.png Graphic file (type bmp)
<sections/imgs/4_jacobian_explicit_form.png>

Overfull \hbox (14.22636pt too wide) in paragraph at lines 174--175
[][] 
 []


Overfull \hbox (19.43091pt too wide) in paragraph at lines 173--187
[]$[]$  $[]$ 
 []


Underfull \hbox (badness 10000) in paragraph at lines 173--187

 []

[25]
Underfull \hbox (badness 10000) in paragraph at lines 188--189

 []

File: sections/imgs/4_jacobian_explicit_form_2.png Graphic file (type bmp)
<sections/imgs/4_jacobian_explicit_form_2.png>

Overfull \hbox (14.22636pt too wide) in paragraph at lines 191--192
[][] 
 []


Overfull \hbox (19.43091pt too wide) in paragraph at lines 190--203
[]$[]$  $[]$ 
 []


Underfull \hbox (badness 10000) in paragraph at lines 190--203

 []


Underfull \hbox (badness 10000) in paragraph at lines 204--205

 []


Underfull \hbox (badness 10000) in paragraph at lines 206--207

 []

File: sections/imgs/4_jacobian_in_a_frame.png Graphic file (type bmp)
<sections/imgs/4_jacobian_in_a_frame.png>
File: sections/imgs/4_J_in_frame_0.png Graphic file (type bmp)
<sections/imgs/4_J_in_frame_0.png>
[26]
File: sections/imgs/4_jacobian_relate_frames.png Graphic file (type bmp)
<sections/imgs/4_jacobian_relate_frames.png>

Underfull \hbox (badness 10000) in paragraph at lines 235--236

 []

File: sections/imgs/4_kinematic_singularities.png Graphic file (type bmp)
<sections/imgs/4_kinematic_singularities.png>

Overfull \hbox (19.43091pt too wide) in paragraph at lines 237--249
[]$[]$  $[]$ 
 []


Underfull \hbox (badness 10000) in paragraph at lines 237--249

 []

[27]
File: sections/imgs/4_force_torque.png Graphic file (type bmp)
<sections/imgs/4_force_torque.png>

Underfull \hbox (badness 10000) in paragraph at lines 277--278

 []

[28]
File: sections/imgs/4_propagate_forces_2.png Graphic file (type bmp)
<sections/imgs/4_propagate_forces_2.png>
File: sections/imgs/4_propagate_forces.png Graphic file (type bmp)
<sections/imgs/4_propagate_forces.png>
File: sections/imgs/4_prismatic_revolute_torque.png Graphic file (type bmp)
<sections/imgs/4_prismatic_revolute_torque.png>

Overfull \hbox (19.43091pt too wide) in paragraph at lines 316--337
[]$[]$  $[]$ 
 []

[29]
File: sections/imgs/29.png Graphic file (type bmp)
<sections/imgs/29.png>
File: sections/imgs/36.png Graphic file (type bmp)
<sections/imgs/36.png>
 [30]
File: sections/imgs/37.png Graphic file (type bmp)
<sections/imgs/37.png>
 [31]
File: sections/imgs/6_newton_euler_recursive_eq.png Graphic file (type bmp)
<sections/imgs/6_newton_euler_recursive_eq.png>
File: sections/imgs/6_newton_euler_alg.png Graphic file (type bmp)
<sections/imgs/6_newton_euler_alg.png>
 [32]
File: sections/imgs/6_angular_momentum.png Graphic file (type bmp)
<sections/imgs/6_angular_momentum.png>
File: sections/imgs/6_rigid_body_angular_momentum.png Graphic file (type bmp)
<sections/imgs/6_rigid_body_angular_momentum.png>
 [33]
File: sections/imgs/6_inertia_tensor.png Graphic file (type bmp)
<sections/imgs/6_inertia_tensor.png>
File: sections/imgs/33.png Graphic file (type bmp)
<sections/imgs/33.png>
File: sections/imgs/34.png Graphic file (type bmp)
<sections/imgs/34.png>
File: sections/imgs/35.png Graphic file (type bmp)
<sections/imgs/35.png>
 [34]
File: sections/imgs/6_parallel_axes.png Graphic file (type bmp)
<sections/imgs/6_parallel_axes.png>
File: sections/imgs/38.png Graphic file (type bmp)
<sections/imgs/38.png>

Underfull \hbox (badness 10000) in paragraph at lines 581--583

 []

[35]
File: sections/imgs/6_lagrange_mvg.png Graphic file (type bmp)
<sections/imgs/6_lagrange_mvg.png>

Overfull \hbox (14.22636pt too wide) in paragraph at lines 585--586
[][] 
 []

File: sections/imgs/6_lagrange_vmg_2.png Graphic file (type bmp)
<sections/imgs/6_lagrange_vmg_2.png>

Overfull \hbox (19.43091pt too wide) in paragraph at lines 584--594
[]$[]$  $[]$ 
 []


Underfull \hbox (badness 10000) in paragraph at lines 613--615

 []

File: sections/imgs/6_mass_matrix_jacobian.png Graphic file (type bmp)
<sections/imgs/6_mass_matrix_jacobian.png>

Overfull \hbox (14.22636pt too wide) in paragraph at lines 617--618
[][] 
 []

File: sections/imgs/6_mass_matrix_jacobian_2.png Graphic file (type bmp)
<sections/imgs/6_mass_matrix_jacobian_2.png>
File: sections/imgs/6_mass_matrix_jacobian_3.png Graphic file (type bmp)
<sections/imgs/6_mass_matrix_jacobian_3.png>

Overfull \hbox (19.43091pt too wide) in paragraph at lines 616--627
[]$[]$  $[]$ 
 []

[36]
File: sections/imgs/6_lagrange_potential_energy.png Graphic file (type bmp)
<sections/imgs/6_lagrange_potential_energy.png>
File: sections/imgs/6_lagrange_potential_energy_2.png Graphic file (type bmp)
<sections/imgs/6_lagrange_potential_energy_2.png>
Missing character: There is no  (U+03C4) in font [lmroman10-regular]:mapping=tex-text;!
) [37]
\openout2 = `sections/5-control.aux'.

 (./sections/5-control.tex
File: sections/imgs/7_control_architecture.png Graphic file (type bmp)
<sections/imgs/7_control_architecture.png>
File: sections/imgs/7_mass_spring_system.png Graphic file (type bmp)
<sections/imgs/7_mass_spring_system.png>
File: sections/imgs/7_critically_damped.png Graphic file (type bmp)
<sections/imgs/7_critically_damped.png>
 [38



] [39]
Underfull \hbox (badness 10000) in paragraph at lines 117--119

 []

File: sections/imgs/7_control_partitioning.png Graphic file (type bmp)
<sections/imgs/7_control_partitioning.png>
[40]
Underfull \hbox (badness 10000) in paragraph at lines 138--141

 []

File: sections/imgs/7_motion_control.png Graphic file (type bmp)
<sections/imgs/7_motion_control.png>
[41] [42]) [43]
\openout2 = `sections/6-formulas.aux'.

 (./sections/6-formulas.tex
Overfull \hbox (8.85228pt too wide) in paragraph at lines 13--14
[]\TU/lmr/m/n/10.95 Trigonometric
 []


Underfull \hbox (badness 10000) in paragraph at lines 60--61
[]\TU/lmr/m/n/10.95 DH-table
 []


Underfull \hbox (badness 10000) in paragraph at lines 60--61
\TU/lmr/m/n/10.95 (link-
 []


Underfull \hbox (badness 10000) in paragraph at lines 60--61
\TU/lmr/m/n/10.95 index
 []


Overfull \hbox (10.17581pt too wide) in paragraph at lines 64--73
[][] 
 []

File: sections/imgs/2_dh_params.png Graphic file (type bmp)
<sections/imgs/2_dh_params.png>
File: sections/imgs/11.png Graphic file (type bmp)
<sections/imgs/11.png>

Overfull \hbox (15.93922pt too wide) in paragraph at lines 88--98
\TU/lmr/m/n/10.95 Homogeneous transformation from link $\OML/lmm/m/it/10.95 i$ \TU/lmr/m/n/10.95 to $\OML/lmm/m/it/10.95 i \OMS/lmsy/m/n/10.95 ^^@ \OT1/lmr/m/n/10.95 1$\TU/lmr/m/n/10.95 : $[][]\OML/lmm/m/it/10.95 T \OT1/lmr/m/n/10.95 = []$\TU/lmr/m/n/10.95 . 
 []

[44



]
Underfull \hbox (badness 10000) in paragraph at lines 197--197
[]|\TU/lmr/m/n/10.95 Rotational
 []


Underfull \hbox (badness 10000) in paragraph at lines 206--206
[]|\TU/lmr/m/n/10.95 Prismatic
 []

[45]
Missing character: There is no  ("EE) in font lmmi10!
 [46]
Underfull \hbox (badness 1077) in paragraph at lines 339--340
\TU/lmr/m/n/10.95 & critical damp-
 []


Overfull \hbox (11.54716pt too wide) in paragraph at lines 294--349
 [] 
 []

File: sections/imgs/8_controller_block_diagram.png Graphic file (type bmp)
<sections/imgs/8_controller_block_diagram.png>
) [47] (/Users/philippwulff/My Drive/TUM_RCI/TUM_RCI/Robotics/.texpadtmp/robotics_summary.aux (/Users/philippwulff/My Drive/TUM_RCI/TUM_RCI/Robotics/.texpadtmp/sections/0-preface.aux) (/Users/philippwulff/My Drive/TUM_RCI/TUM_RCI/Robotics/.texpadtmp/sections/1-motivation.aux) (/Users/philippwulff/My Drive/TUM_RCI/TUM_RCI/Robotics/.texpadtmp/sections/2-forwardkinematics.aux) (/Users/philippwulff/My Drive/TUM_RCI/TUM_RCI/Robotics/.texpadtmp/sections/3-inversekinematics.aux) (/Users/philippwulff/My Drive/TUM_RCI/TUM_RCI/Robotics/.texpadtmp/sections/4-robotdynamics.aux) (/Users/philippwulff/My Drive/TUM_RCI/TUM_RCI/Robotics/.texpadtmp/sections/5-control.aux) (/Users/philippwulff/My Drive/TUM_RCI/TUM_RCI/Robotics/.texpadtmp/sections/6-formulas.aux))
Package rerunfilecheck Info: File `robotics_summary.out' has not changed.
(rerunfilecheck)             Checksum: 6520E82D01213FD67B14A637AB38617F;13511.
 ) 
Here is how much of TeX's memory you used:
 25941 strings out of 476919
 478153 string characters out of 5821840
 821972 words of memory out of 5000000
 45273 multiletter control sequences out of 15000+600000
 441939 words of font info for 85 fonts, out of 8000000 for 9000
 1348 hyphenation exceptions out of 8191
 87i,18n,89p,787b,511s stack positions out of 5000i,500n,10000p,200000b,80000s

Output written on /Users/philippwulff/My Drive/TUM_RCI/TUM_RCI/Robotics/.texpadtmp/robotics_summary.pdf (47 pages).
